node:fs:435
    return binding.readFileUtf8(path, stringToFlags(options.flag));
                   ^

Error: ENOENT: no such file or directory, open '/Users/sai/Documents/GitHub/Hemis/hemis-app/.superpowers/brainstorm/session-1774567238/frame-template.html'
    at Object.readFileSync (node:fs:435:20)
    at Object.<anonymous> (/Users/sai/Documents/GitHub/Hemis/hemis-app/.superpowers/brainstorm/session-1774567238/server.cjs:99:26)
    at Module._compile (node:internal/modules/cjs/loader:1803:14)
    at Module._extensions..js (node:internal/modules/cjs/loader:1934:10)
    at Module.load (node:internal/modules/cjs/loader:1524:32)
    at Module._load (node:internal/modules/cjs/loader:1326:12)
    at TracingChannel.traceSync (node:diagnostics_channel:328:14)
    at wrapModuleLoad (node:internal/modules/cjs/loader:245:24)
    at Module.executeUserEntryPoint [as runMain] (node:internal/modules/run_main:154:5)
    at node:internal/main/run_main_module:33:47 {
  errno: -2,
  code: 'ENOENT',
  syscall: 'open',
  path: '/Users/sai/Documents/GitHub/Hemis/hemis-app/.superpowers/brainstorm/session-1774567238/frame-template.html'
}

Node.js v25.5.0
